[29/07/2025 16:36:46] INICIAR PROGRAMA
[29/07/2025 16:36:46] TELA MENU(ESTADO:FECHADO)
[29/07/2025 16:36:46] Lista total de produtos criada/atualizada com 0 itens.
[29/07/2025 16:37:31] INICIAR PROGRAMA
[29/07/2025 16:37:31] TELA MENU(ESTADO:FECHADO)
[29/07/2025 16:37:31] Lista total de produtos criada/atualizada com 0 itens.
[29/07/2025 16:37:34] INICIAR PROGRAMA
[29/07/2025 16:37:34] TELA MENU(ESTADO:FECHADO)
[29/07/2025 16:37:34] Lista total de produtos criada/atualizada com 0 itens.
[29/07/2025 16:37:40] INICIAR PROGRAMA
[29/07/2025 16:37:40] TELA MENU(ESTADO:FECHADO)
[29/07/2025 16:37:40] Lista total de produtos criada/atualizada com 0 itens.
[29/07/2025 16:37:54] INICIAR PROGRAMA
[29/07/2025 16:37:54] TELA MENU(ESTADO:FECHADO)
[29/07/2025 16:37:54] Lista total de produtos criada/atualizada com 0 itens.
[29/07/2025 16:37:57] TELA LIMPEZA
[29/07/2025 16:38:01] NOVO PRODUTO ADICIONADO
[29/07/2025 16:38:08] | 100 | veja | 33.00 | 33 |
[29/07/2025 16:38:14] RETORNOU AO MENU
[29/07/2025 16:38:14] TELA MENU(ESTADO:FECHADO)
[29/07/2025 16:38:14] Lista total de produtos criada/atualizada com 1 itens.
[29/07/2025 16:38:15] TELA ALIMENTOS
[29/07/2025 16:38:17] NOVO PRODUTO ADICIONADO(ALIMENTOS)
[29/07/2025 16:38:24] | 200 | picanha | 99.00 | 20 |
[29/07/2025 16:38:28] RETORNOU AO MENU
[29/07/2025 16:38:28] TELA MENU(ESTADO:FECHADO)
[29/07/2025 16:38:28] Lista total de produtos criada/atualizada com 2 itens.
[29/07/2025 16:38:32] TELA CAIXA
[29/07/2025 16:38:37] ABRIU CAIXA: 23213.00
[29/07/2025 16:38:38] TELA MENU(ESTADO:ABERTO)
[29/07/2025 16:38:38] Lista total de produtos criada/atualizada com 2 itens.
[29/07/2025 16:38:40] TELA PADARIA
[29/07/2025 16:38:46] NOVO PRODUTO ADICIONADO(PADARIA)
[29/07/2025 16:38:56] | 300 | pao | 0.40 | 120 |
[29/07/2025 16:39:00] RETORNOU AO MENU
[29/07/2025 16:39:01] TELA MENU(ESTADO:ABERTO)
[29/07/2025 16:39:01] Lista total de produtos criada/atualizada com 3 itens.
[29/07/2025 16:39:03] TELA CAIXA
[29/07/2025 16:39:05] MENU RELATORIOS
[29/07/2025 16:39:07] Relatório de produtos ordenado alfabeticamente.
[29/07/2025 16:39:13] RETORNOU AO MENU
[29/07/2025 16:39:13] TELA MENU(ESTADO:ABERTO)
[29/07/2025 16:39:13] Lista total de produtos criada/atualizada com 3 itens.
[29/07/2025 16:39:15] TELA PAGAMENTO
[29/07/2025 16:39:17] ADICIONAR PRODUTO AO CARRINHO
[29/07/2025 16:39:22] ID 301 não Encontrado
[29/07/2025 16:39:33] ADICIONAR PRODUTO AO CARRINHO
[29/07/2025 16:39:36] ID 101 não Encontrado
[29/07/2025 16:39:42] DINHEIRO SELECIONADO
[29/07/2025 16:39:43] Subtotal: 0.00
[29/07/2025 16:39:43] Dinheiro Recebido 123021.00
[29/07/2025 16:39:43] Troco: 123021.00
[29/07/2025 16:39:43] Sistema Atualizado
[29/07/2025 16:39:43] Voltou ao Menu
[29/07/2025 16:39:46] TELA MENU(ESTADO:ABERTO)
[29/07/2025 16:39:46] Lista total de produtos criada/atualizada com 3 itens.
[29/07/2025 16:39:48] SAIDA VETADA(MOTIVO:CAIXA ABERTO)
[29/07/2025 16:39:50] TELA MENU(ESTADO:ABERTO)
[29/07/2025 16:39:50] Lista total de produtos criada/atualizada com 3 itens.
[29/07/2025 16:39:52] TELA CAIXA
[29/07/2025 16:39:54] RELATÓRIO DE FECHAMENTO ESCRITO
[29/07/2025 16:39:54] FECHAMENTO
[29/07/2025 16:39:54] Abertura: 23213.00
[29/07/2025 16:39:54] Limpeza: 0.00
[29/07/2025 16:39:54] Alimententos: 0.00
[29/07/2025 16:39:54] Padaria: 0.00
[29/07/2025 16:39:54] Total: 23213.00
[29/07/2025 16:39:58] TELA MENU(ESTADO:FECHADO)
[29/07/2025 16:39:58] Lista total de produtos criada/atualizada com 3 itens.
[29/07/2025 16:40:01] TELA SAIR
[29/07/2025 16:40:01] FINALIZAR PROGRAMA
[29/07/2025 16:40:02] Relatório de produtos vendidos exibido (última transação).
[29/07/2025 16:40:16] RETORNOU AO MENU
[29/07/2025 16:40:16] TELA MENU(ESTADO:FECHADO)
[29/07/2025 16:40:16] Lista total de produtos criada/atualizada com 3 itens.
[29/07/2025 16:40:18] TELA SAIR
[29/07/2025 16:40:18] FINALIZAR PROGRAMA
